2025-02-13 23:50:54.285473: E external/local_xla/xla/stream_executor/cuda/cuda_fft.cc:479] Unable to register cuFFT factory: Attempting to register factory for plugin cuFFT when one has already been registered
2025-02-13 23:50:54.308230: E external/local_xla/xla/stream_executor/cuda/cuda_dnn.cc:10575] Unable to register cuDNN factory: Attempting to register factory for plugin cuDNN when one has already been registered
2025-02-13 23:50:54.308326: E external/local_xla/xla/stream_executor/cuda/cuda_blas.cc:1442] Unable to register cuBLAS factory: Attempting to register factory for plugin cuBLAS when one has already been registered
2025-02-13 23:50:54.322239: I tensorflow/core/platform/cpu_feature_guard.cc:210] This TensorFlow binary is optimized to use available CPU instructions in performance-critical operations.
To enable the following instructions: AVX2 FMA, in other operations, rebuild TensorFlow with the appropriate compiler flags.
2025-02-13 23:50:55.161874: W tensorflow/compiler/tf2tensorrt/utils/py_utils.cc:38] TF-TRT Warning: Could not find TensorRT
Using 3 GPUs for training on cuda with batch size 6 and 160 epochs...
Using 3 GPUs for training.
Training started for 160 epochs on cuda...
------------------------------------------------------------
Epoch [1/160] completed in 3.11 minutes.
  Generator_G Loss: 327.1713
  Generator_F Loss: 320.5224
  Discriminator_X Loss: 26.5428
  Discriminator_Y Loss: 26.7716
  Cycle Consistency Loss: 441.2023
  Identity Loss: 89.5042
------------------------------------------------------------
------------------------------------------------------------
Epoch [2/160] completed in 3.07 minutes.
  Generator_G Loss: 213.0229
  Generator_F Loss: 214.1610
  Discriminator_X Loss: 13.0419
  Discriminator_Y Loss: 17.8194
  Cycle Consistency Loss: 274.3369
  Identity Loss: 59.6104
------------------------------------------------------------
------------------------------------------------------------
Epoch [3/160] completed in 3.08 minutes.
  Generator_G Loss: 195.5307
  Generator_F Loss: 212.0345
  Discriminator_X Loss: 12.8776
  Discriminator_Y Loss: 14.3303
  Cycle Consistency Loss: 257.3789
  Identity Loss: 56.5157
------------------------------------------------------------
------------------------------------------------------------
Epoch [4/160] completed in 3.08 minutes.
  Generator_G Loss: 213.6318
  Generator_F Loss: 253.0803
  Discriminator_X Loss: 9.9665
  Discriminator_Y Loss: 13.1720
  Cycle Consistency Loss: 308.6221
  Identity Loss: 67.6181
------------------------------------------------------------
------------------------------------------------------------
Epoch [5/160] completed in 3.08 minutes.
  Generator_G Loss: 203.2944
  Generator_F Loss: 193.8558
  Discriminator_X Loss: 13.8472
  Discriminator_Y Loss: 11.5383
  Cycle Consistency Loss: 247.5204
  Identity Loss: 53.4008
------------------------------------------------------------
------------------------------------------------------------
Epoch [6/160] completed in 3.08 minutes.
  Generator_G Loss: 203.9550
  Generator_F Loss: 192.4716
  Discriminator_X Loss: 12.7795
  Discriminator_Y Loss: 8.3367
  Cycle Consistency Loss: 241.8488
  Identity Loss: 52.6795
------------------------------------------------------------
------------------------------------------------------------
Epoch [7/160] completed in 3.08 minutes.
  Generator_G Loss: 203.2900
  Generator_F Loss: 186.9511
  Discriminator_X Loss: 12.6516
  Discriminator_Y Loss: 8.3266
  Cycle Consistency Loss: 239.6015
  Identity Loss: 53.0557
------------------------------------------------------------
------------------------------------------------------------
Epoch [8/160] completed in 3.08 minutes.
  Generator_G Loss: 214.4869
  Generator_F Loss: 191.8516
  Discriminator_X Loss: 11.9176
  Discriminator_Y Loss: 5.5931
  Cycle Consistency Loss: 243.2482
  Identity Loss: 53.0488
------------------------------------------------------------
------------------------------------------------------------
Epoch [9/160] completed in 3.09 minutes.
  Generator_G Loss: 213.2583
  Generator_F Loss: 182.0598
  Discriminator_X Loss: 13.9985
  Discriminator_Y Loss: 5.3158
  Cycle Consistency Loss: 237.7166
  Identity Loss: 52.1577
------------------------------------------------------------
------------------------------------------------------------
Epoch [10/160] completed in 3.07 minutes.
  Generator_G Loss: 210.2632
  Generator_F Loss: 177.8841
  Discriminator_X Loss: 13.3875
  Discriminator_Y Loss: 4.8339
  Cycle Consistency Loss: 236.1230
  Identity Loss: 51.1457
------------------------------------------------------------
------------------------------------------------------------
Epoch [11/160] completed in 3.08 minutes.
  Generator_G Loss: 210.2354
  Generator_F Loss: 179.3889
  Discriminator_X Loss: 14.3397
  Discriminator_Y Loss: 4.1655
  Cycle Consistency Loss: 231.0318
  Identity Loss: 50.9370
------------------------------------------------------------
------------------------------------------------------------
Epoch [12/160] completed in 3.08 minutes.
  Generator_G Loss: 213.3509
  Generator_F Loss: 180.1216
  Discriminator_X Loss: 13.1138
  Discriminator_Y Loss: 3.4359
  Cycle Consistency Loss: 233.5507
  Identity Loss: 50.9412
------------------------------------------------------------
------------------------------------------------------------
Epoch [13/160] completed in 3.07 minutes.
  Generator_G Loss: 208.1766
  Generator_F Loss: 176.3173
  Discriminator_X Loss: 13.7107
  Discriminator_Y Loss: 4.0367
  Cycle Consistency Loss: 224.9184
  Identity Loss: 48.2293
------------------------------------------------------------
------------------------------------------------------------
Epoch [14/160] completed in 3.08 minutes.
  Generator_G Loss: 209.4244
  Generator_F Loss: 176.3112
  Discriminator_X Loss: 11.5697
  Discriminator_Y Loss: 3.7450
  Cycle Consistency Loss: 225.7527
  Identity Loss: 50.0210
------------------------------------------------------------
------------------------------------------------------------
Epoch [15/160] completed in 3.07 minutes.
  Generator_G Loss: 203.9715
  Generator_F Loss: 170.6254
  Discriminator_X Loss: 12.6957
  Discriminator_Y Loss: 3.3531
  Cycle Consistency Loss: 219.1266
  Identity Loss: 47.8020
------------------------------------------------------------
------------------------------------------------------------
Epoch [16/160] completed in 3.08 minutes.
  Generator_G Loss: 198.9049
  Generator_F Loss: 170.4808
  Discriminator_X Loss: 12.3616
  Discriminator_Y Loss: 4.2065
  Cycle Consistency Loss: 217.4159
  Identity Loss: 47.0947
------------------------------------------------------------
------------------------------------------------------------
Epoch [17/160] completed in 3.09 minutes.
  Generator_G Loss: 199.8155
  Generator_F Loss: 166.7258
  Discriminator_X Loss: 12.7319
  Discriminator_Y Loss: 3.7328
  Cycle Consistency Loss: 213.9034
  Identity Loss: 46.2121
------------------------------------------------------------
------------------------------------------------------------
Epoch [18/160] completed in 3.08 minutes.
  Generator_G Loss: 192.2470
  Generator_F Loss: 164.4840
  Discriminator_X Loss: 12.3051
  Discriminator_Y Loss: 5.4031
  Cycle Consistency Loss: 206.1928
  Identity Loss: 44.2791
------------------------------------------------------------
------------------------------------------------------------
Epoch [19/160] completed in 3.09 minutes.
  Generator_G Loss: 198.7271
  Generator_F Loss: 169.1278
  Discriminator_X Loss: 10.6987
  Discriminator_Y Loss: 3.0870
  Cycle Consistency Loss: 209.1496
  Identity Loss: 45.3723
------------------------------------------------------------
------------------------------------------------------------
Epoch [20/160] completed in 3.08 minutes.
  Generator_G Loss: 198.2776
  Generator_F Loss: 165.6227
  Discriminator_X Loss: 10.9879
  Discriminator_Y Loss: 2.7460
  Cycle Consistency Loss: 205.5224
  Identity Loss: 45.2497
------------------------------------------------------------
------------------------------------------------------------
Epoch [21/160] completed in 3.08 minutes.
  Generator_G Loss: 202.1860
  Generator_F Loss: 168.9406
  Discriminator_X Loss: 11.4935
  Discriminator_Y Loss: 2.6247
  Cycle Consistency Loss: 209.0688
  Identity Loss: 45.2341
------------------------------------------------------------
------------------------------------------------------------
Epoch [22/160] completed in 3.08 minutes.
  Generator_G Loss: 199.5462
  Generator_F Loss: 170.5208
  Discriminator_X Loss: 10.2634
  Discriminator_Y Loss: 2.4024
  Cycle Consistency Loss: 208.1762
  Identity Loss: 43.6781
------------------------------------------------------------
------------------------------------------------------------
Epoch [23/160] completed in 3.08 minutes.
  Generator_G Loss: 198.0102
  Generator_F Loss: 170.0655
  Discriminator_X Loss: 9.8201
  Discriminator_Y Loss: 3.1002
  Cycle Consistency Loss: 205.2268
  Identity Loss: 44.1104
------------------------------------------------------------
------------------------------------------------------------
Epoch [24/160] completed in 3.10 minutes.
  Generator_G Loss: 199.4228
  Generator_F Loss: 171.0889
  Discriminator_X Loss: 9.9236
  Discriminator_Y Loss: 2.2494
  Cycle Consistency Loss: 204.1655
  Identity Loss: 45.8826
------------------------------------------------------------
------------------------------------------------------------
Epoch [25/160] completed in 3.09 minutes.
  Generator_G Loss: 200.3286
  Generator_F Loss: 169.1759
  Discriminator_X Loss: 9.2384
  Discriminator_Y Loss: 2.3062
  Cycle Consistency Loss: 200.0456
  Identity Loss: 45.8655
------------------------------------------------------------
------------------------------------------------------------
Epoch [26/160] completed in 3.09 minutes.
  Generator_G Loss: 193.6277
  Generator_F Loss: 167.6844
  Discriminator_X Loss: 9.2620
  Discriminator_Y Loss: 2.5985
  Cycle Consistency Loss: 198.7593
  Identity Loss: 42.1070
------------------------------------------------------------
------------------------------------------------------------
Epoch [27/160] completed in 3.12 minutes.
  Generator_G Loss: 196.3654
  Generator_F Loss: 169.7223
  Discriminator_X Loss: 9.1102
  Discriminator_Y Loss: 2.3429
  Cycle Consistency Loss: 199.4091
  Identity Loss: 42.5015
------------------------------------------------------------
------------------------------------------------------------
Epoch [28/160] completed in 3.10 minutes.
  Generator_G Loss: 193.4958
  Generator_F Loss: 168.8406
  Discriminator_X Loss: 8.1382
  Discriminator_Y Loss: 1.8196
  Cycle Consistency Loss: 194.4275
  Identity Loss: 42.5795
------------------------------------------------------------
------------------------------------------------------------
Epoch [29/160] completed in 3.08 minutes.
  Generator_G Loss: 193.7189
  Generator_F Loss: 170.9978
  Discriminator_X Loss: 8.3004
  Discriminator_Y Loss: 1.7425
  Cycle Consistency Loss: 196.1244
  Identity Loss: 42.6358
------------------------------------------------------------
------------------------------------------------------------
Epoch [30/160] completed in 3.08 minutes.
  Generator_G Loss: 192.1936
  Generator_F Loss: 172.9174
  Discriminator_X Loss: 7.6071
  Discriminator_Y Loss: 2.8024
  Cycle Consistency Loss: 196.2625
  Identity Loss: 43.0487
------------------------------------------------------------
------------------------------------------------------------
Epoch [31/160] completed in 3.08 minutes.
  Generator_G Loss: 194.0152
  Generator_F Loss: 171.2711
  Discriminator_X Loss: 7.9043
  Discriminator_Y Loss: 2.4214
  Cycle Consistency Loss: 196.1377
  Identity Loss: 42.3614
------------------------------------------------------------
------------------------------------------------------------
Epoch [32/160] completed in 3.09 minutes.
  Generator_G Loss: 194.2688
  Generator_F Loss: 177.9886
  Discriminator_X Loss: 7.0671
  Discriminator_Y Loss: 1.8482
  Cycle Consistency Loss: 199.8507
  Identity Loss: 42.9705
------------------------------------------------------------
