==========================================
🚀 Training Started: Mon 17 Feb 2025 01:37:13 AM IST
📌 Hyperparameters:
   🔹 Batch Size  : 2
   🔹 Epochs      : 160
   🔹 GPUs Used   : 0,1,2
   🔹 Script Path : /home/rishabh.mondal/Brick-Kilns-project/ijcai_2025_kilns/attentive_cyclegan/attentive_cyclegan/main.py
==========================================
2025-02-17 01:37:15.906652: E external/local_xla/xla/stream_executor/cuda/cuda_fft.cc:479] Unable to register cuFFT factory: Attempting to register factory for plugin cuFFT when one has already been registered
2025-02-17 01:37:15.930901: E external/local_xla/xla/stream_executor/cuda/cuda_dnn.cc:10575] Unable to register cuDNN factory: Attempting to register factory for plugin cuDNN when one has already been registered
2025-02-17 01:37:15.930984: E external/local_xla/xla/stream_executor/cuda/cuda_blas.cc:1442] Unable to register cuBLAS factory: Attempting to register factory for plugin cuBLAS when one has already been registered
2025-02-17 01:37:15.946719: I tensorflow/core/platform/cpu_feature_guard.cc:210] This TensorFlow binary is optimized to use available CPU instructions in performance-critical operations.
To enable the following instructions: AVX2 FMA, in other operations, rebuild TensorFlow with the appropriate compiler flags.
2025-02-17 01:37:16.920984: W tensorflow/compiler/tf2tensorrt/utils/py_utils.cc:38] TF-TRT Warning: Could not find TensorRT
Traceback (most recent call last):
  File "/home/rishabh.mondal/Brick-Kilns-project/ijcai_2025_kilns/attentive_cyclegan/attentive_cyclegan/main.py", line 5, in <module>
    from utils.train import train
  File "/home/rishabh.mondal/Brick-Kilns-project/ijcai_2025_kilns/attentive_cyclegan/attentive_cyclegan/utils/train.py", line 12, in <module>
    from models.generator import Generator
  File "/home/rishabh.mondal/Brick-Kilns-project/ijcai_2025_kilns/attentive_cyclegan/attentive_cyclegan/models/generator.py", line 3, in <module>
    from models.attention import SelfAttention, SEBlock, CBAM  # Import attention layers
    ^^^^^^^^^^^^^^^^^^^^^^^^^^^^^^^^^^^^^^^^^^^^^^^^^^^^^^^^^
ImportError: cannot import name 'SelfAttention' from 'models.attention' (/home/rishabh.mondal/Brick-Kilns-project/ijcai_2025_kilns/attentive_cyclegan/attentive_cyclegan/models/attention.py)
