==========================================
🚀 Training Started: Mon 17 Feb 2025 01:10:26 AM IST
📌 Hyperparameters:
   🔹 Batch Size  : 2
   🔹 Epochs      : 160
   🔹 GPUs Used   : 0,1,2
   🔹 Script Path : /home/rishabh.mondal/Brick-Kilns-project/ijcai_2025_kilns/attentive_cyclegan/attentive_cyclegan/main.py
==========================================
2025-02-17 01:10:29.191995: E external/local_xla/xla/stream_executor/cuda/cuda_fft.cc:479] Unable to register cuFFT factory: Attempting to register factory for plugin cuFFT when one has already been registered
2025-02-17 01:10:29.215452: E external/local_xla/xla/stream_executor/cuda/cuda_dnn.cc:10575] Unable to register cuDNN factory: Attempting to register factory for plugin cuDNN when one has already been registered
2025-02-17 01:10:29.215546: E external/local_xla/xla/stream_executor/cuda/cuda_blas.cc:1442] Unable to register cuBLAS factory: Attempting to register factory for plugin cuBLAS when one has already been registered
2025-02-17 01:10:29.230006: I tensorflow/core/platform/cpu_feature_guard.cc:210] This TensorFlow binary is optimized to use available CPU instructions in performance-critical operations.
To enable the following instructions: AVX2 FMA, in other operations, rebuild TensorFlow with the appropriate compiler flags.
2025-02-17 01:10:30.085538: W tensorflow/compiler/tf2tensorrt/utils/py_utils.cc:38] TF-TRT Warning: Could not find TensorRT
/home/rishabh.mondal/.local/lib/python3.12/site-packages/torchvision/models/_utils.py:208: UserWarning: The parameter 'pretrained' is deprecated since 0.13 and may be removed in the future, please use 'weights' instead.
  warnings.warn(
/home/rishabh.mondal/.local/lib/python3.12/site-packages/torchvision/models/_utils.py:223: UserWarning: Arguments other than a weight enum or `None` for 'weights' are deprecated since 0.13 and may be removed in the future. The current behavior is equivalent to passing `weights=VGG16_Weights.IMAGENET1K_V1`. You can also use `weights=VGG16_Weights.DEFAULT` to get the most up-to-date weights.
  warnings.warn(msg)
/opt/anaconda3/envs/rishabh_sat/lib/python3.12/site-packages/lpips/lpips.py:107: FutureWarning: You are using `torch.load` with `weights_only=False` (the current default value), which uses the default pickle module implicitly. It is possible to construct malicious pickle data which will execute arbitrary code during unpickling (See https://github.com/pytorch/pytorch/blob/main/SECURITY.md#untrusted-models for more details). In a future release, the default value for `weights_only` will be flipped to `True`. This limits the functions that could be executed during unpickling. Arbitrary objects will no longer be allowed to be loaded via this mode unless they are explicitly allowlisted by the user via `torch.serialization.add_safe_globals`. We recommend you start setting `weights_only=True` for any use case where you don't have full control of the loaded file. Please open an issue on GitHub for any issues related to this experimental feature.
  self.load_state_dict(torch.load(model_path, map_location='cpu'), strict=False)
Mon Feb 17 01:10:32 2025       
+-----------------------------------------------------------------------------------------+
| NVIDIA-SMI 565.57.01              Driver Version: 565.57.01      CUDA Version: 12.7     |
|-----------------------------------------+------------------------+----------------------+
| GPU  Name                 Persistence-M | Bus-Id          Disp.A | Volatile Uncorr. ECC |
| Fan  Temp   Perf          Pwr:Usage/Cap |           Memory-Usage | GPU-Util  Compute M. |
|                                         |                        |               MIG M. |
|=========================================+========================+======================|
|   0  NVIDIA A100-SXM4-80GB          On  |   00000000:01:00.0 Off |                    0 |
| N/A   35C    P0             64W /  500W |       5MiB /  81920MiB |      0%      Default |
|                                         |                        |             Disabled |
+-----------------------------------------+------------------------+----------------------+
|   1  NVIDIA A100-SXM4-80GB          On  |   00000000:41:00.0 Off |                    0 |
| N/A   35C    P0             63W /  500W |       5MiB /  81920MiB |      0%      Default |
|                                         |                        |             Disabled |
+-----------------------------------------+------------------------+----------------------+
|   2  NVIDIA A100-SXM4-80GB          On  |   00000000:81:00.0 Off |                    0 |
| N/A   34C    P0             63W /  500W |       5MiB /  81920MiB |      0%      Default |
|                                         |                        |             Disabled |
+-----------------------------------------+------------------------+----------------------+
|   3  NVIDIA A100-SXM4-80GB          On  |   00000000:C1:00.0 Off |                    0 |
| N/A   33C    P0             61W /  500W |       5MiB /  81920MiB |      0%      Default |
|                                         |                        |             Disabled |
+-----------------------------------------+------------------------+----------------------+
                                                                                         
+-----------------------------------------------------------------------------------------+
| Processes:                                                                              |
|  GPU   GI   CI        PID   Type   Process name                              GPU Memory |
|        ID   ID                                                               Usage      |
|=========================================================================================|
|  No running processes found                                                             |
+-----------------------------------------------------------------------------------------+
Setting up [LPIPS] perceptual loss: trunk [vgg], v[0.1], spatial [off]
Loading model from: /opt/anaconda3/envs/rishabh_sat/lib/python3.12/site-packages/lpips/weights/v0.1/vgg.pth
🚀 Detected 3 GPUs:
============================================================
🚀 Starting CycleGAN Training
🔹 Using cuda (3 GPUs available)
🔹 Batch Size: 2, Epochs: 160
🔹 Logging to: tb_logs_directory/2025-02-17_01-10-33
============================================================
🚀 Multi-GPU Training Enabled. Using GPUs: [0, 1, 2]
📜 Training started for 160 epochs on cuda...
Traceback (most recent call last):
  File "/home/rishabh.mondal/Brick-Kilns-project/ijcai_2025_kilns/attentive_cyclegan/attentive_cyclegan/main.py", line 46, in <module>
    train(
  File "/home/rishabh.mondal/Brick-Kilns-project/ijcai_2025_kilns/attentive_cyclegan/attentive_cyclegan/utils/train.py", line 106, in train
    fake_y = generator_g(real_x)  # G(X)
             ^^^^^^^^^^^^^^^^^^^
  File "/home/rishabh.mondal/.local/lib/python3.12/site-packages/torch/nn/modules/module.py", line 1736, in _wrapped_call_impl
    return self._call_impl(*args, **kwargs)
           ^^^^^^^^^^^^^^^^^^^^^^^^^^^^^^^^
  File "/home/rishabh.mondal/.local/lib/python3.12/site-packages/torch/nn/modules/module.py", line 1747, in _call_impl
    return forward_call(*args, **kwargs)
           ^^^^^^^^^^^^^^^^^^^^^^^^^^^^^
  File "/home/rishabh.mondal/.local/lib/python3.12/site-packages/torch/nn/parallel/data_parallel.py", line 183, in forward
    inputs, module_kwargs = self.scatter(inputs, kwargs, self.device_ids)
                            ^^^^^^^^^^^^^^^^^^^^^^^^^^^^^^^^^^^^^^^^^^^^^
  File "/home/rishabh.mondal/.local/lib/python3.12/site-packages/torch/nn/parallel/data_parallel.py", line 207, in scatter
    return scatter_kwargs(inputs, kwargs, device_ids, dim=self.dim)
           ^^^^^^^^^^^^^^^^^^^^^^^^^^^^^^^^^^^^^^^^^^^^^^^^^^^^^^^^
  File "/home/rishabh.mondal/.local/lib/python3.12/site-packages/torch/nn/parallel/scatter_gather.py", line 88, in scatter_kwargs
    scattered_inputs = scatter(inputs, target_gpus, dim) if inputs else []
                       ^^^^^^^^^^^^^^^^^^^^^^^^^^^^^^^^^
  File "/home/rishabh.mondal/.local/lib/python3.12/site-packages/torch/nn/parallel/scatter_gather.py", line 75, in scatter
    res = scatter_map(inputs)
          ^^^^^^^^^^^^^^^^^^^
  File "/home/rishabh.mondal/.local/lib/python3.12/site-packages/torch/nn/parallel/scatter_gather.py", line 62, in scatter_map
    return list(zip(*map(scatter_map, obj)))
                ^^^^^^^^^^^^^^^^^^^^^^^^^^^
  File "/home/rishabh.mondal/.local/lib/python3.12/site-packages/torch/nn/parallel/scatter_gather.py", line 58, in scatter_map
    return Scatter.apply(target_gpus, None, dim, obj)
           ^^^^^^^^^^^^^^^^^^^^^^^^^^^^^^^^^^^^^^^^^^
  File "/home/rishabh.mondal/.local/lib/python3.12/site-packages/torch/autograd/function.py", line 575, in apply
    return super().apply(*args, **kwargs)  # type: ignore[misc]
           ^^^^^^^^^^^^^^^^^^^^^^^^^^^^^^
  File "/home/rishabh.mondal/.local/lib/python3.12/site-packages/torch/nn/parallel/_functions.py", line 104, in forward
    outputs = comm.scatter(input, target_gpus, chunk_sizes, ctx.dim, streams)
              ^^^^^^^^^^^^^^^^^^^^^^^^^^^^^^^^^^^^^^^^^^^^^^^^^^^^^^^^^^^^^^^
  File "/home/rishabh.mondal/.local/lib/python3.12/site-packages/torch/nn/parallel/comm.py", line 205, in scatter
    return tuple(torch._C._scatter(tensor, devices, chunk_sizes, dim, streams))
                 ^^^^^^^^^^^^^^^^^^^^^^^^^^^^^^^^^^^^^^^^^^^^^^^^^^^^^^^^^^^^^
RuntimeError: CUDA driver error: out of memory
